educloud_android_sh/build/outputs/logs/manifest-merger-debug-report.txt
-- Merging decision tree log ---
manifest
ADDED from Web\educloud_android_sh\AndroidManifest.xml:2:1-746:12
	xmlns:android
		ADDED from Web\educloud_android_sh\AndroidManifest.xml:2:11-69
	package
		ADDED from Web\educloud_android_sh\AndroidManifest.xml:3:5-38
	android:versionName
		ADDED from Web\educloud_android_sh\AndroidManifest.xml:5:5-32
	android:versionCode
		ADDED from Web\educloud_android_sh\AndroidManifest.xml:4:5-33
		INJECTED from Web\educloud_android_sh\AndroidManifest.xml
		INJECTED from Web\educloud_android_sh\AndroidManifest.xml
uses-sdk
ADDED from Web\educloud_android_sh\AndroidManifest.xml:7:5-9:41
MERGED from [:androidLib-release:] AndroidManifest.xml:7:5-9:41
MERGED from [:DroidPlugin-release:] AndroidManifest.xml:30:5-43
	android:targetSdkVersion
		ADDED from Web\educloud_android_sh\AndroidManifest.xml:9:9-38
	android:minSdkVersion
		ADDED from Web\educloud_android_sh\AndroidManifest.xml:8:9-34
uses-permission#android.permission.VIBRATE
ADDED from Web\educloud_android_sh\AndroidManifest.xml:11:5-66
MERGED from [:DroidPlugin-release:] AndroidManifest.xml:95:5-66
	android:name
		ADDED from Web\educloud_android_sh\AndroidManifest.xml:11:22-63
uses-permission#android.permission.CAMERA
ADDED from Web\educloud_android_sh\AndroidManifest.xml:12:5-65
MERGED from [:DroidPlugin-release:] AndroidManifest.xml:45:5-65
	android:name
		ADDED from Web\educloud_android_sh\AndroidManifest.xml:12:22-62
uses-permission#android.permission.INTERNET
ADDED from Web\educloud_android_sh\AndroidManifest.xml:13:5-67
MERGED from [:DroidPlugin-release:] AndroidManifest.xml:58:5-67
	android:name
		ADDED from Web\educloud_android_sh\AndroidManifest.xml:13:22-64
uses-permission#android.permission.READ_EXTERNAL_STORAGE
ADDED from Web\educloud_android_sh\AndroidManifest.xml:14:5-80
MERGED from [:DroidPlugin-release:] AndroidManifest.xml:69:5-80
	android:name
		ADDED from Web\educloud_android_sh\AndroidManifest.xml:14:22-77
uses-permission#android.permission.ACCESS_NETWORK_STATE
ADDED from Web\educloud_android_sh\AndroidManifest.xml:15:5-79
MERGED from [:DroidPlugin-release:] AndroidManifest.xml:36:5-79
	android:name
		ADDED from Web\educloud_android_sh\AndroidManifest.xml:15:22-76
uses-permission#android.permission.WRITE_EXTERNAL_STORAGE
ADDED from Web\educloud_android_sh\AndroidManifest.xml:16:5-81
MERGED from [:DroidPlugin-release:] AndroidManifest.xml:100:5-81
	android:name
		ADDED from Web\educloud_android_sh\AndroidManifest.xml:16:22-78
uses-permission#android.permission.ACCESS_WIFI_STATE
ADDED from Web\educloud_android_sh\AndroidManifest.xml:17:5-76
MERGED from [:DroidPlugin-release:] AndroidManifest.xml:37:5-76
	android:name
		ADDED from Web\educloud_android_sh\AndroidManifest.xml:17:22-73
uses-permission#android.permission.READ_PHONE_STATE
ADDED from Web\educloud_android_sh\AndroidManifest.xml:18:5-75
MERGED from [:DroidPlugin-release:] AndroidManifest.xml:71:5-75
	android:name
		ADDED from Web\educloud_android_sh\AndroidManifest.xml:18:22-72
uses-permission#android.permission.READ_LOGS
ADDED from Web\educloud_android_sh\AndroidManifest.xml:19:5-68
MERGED from [:DroidPlugin-release:] AndroidManifest.xml:162:5-68
	android:name
		ADDED from Web\educloud_android_sh\AndroidManifest.xml:19:22-65
uses-permission#android.permission.RECORD_AUDIO
ADDED from Web\educloud_android_sh\AndroidManifest.xml:20:5-71
MERGED from [:DroidPlugin-release:] AndroidManifest.xml:82:5-71
	android:name
		ADDED from Web\educloud_android_sh\AndroidManifest.xml:20:22-68
uses-permission#android.permission.GET_TASKS
ADDED from Web\educloud_android_sh\AndroidManifest.xml:21:5-68
MERGED from [:DroidPlugin-release:] AndroidManifest.xml:57:5-68
	android:name
		ADDED from Web\educloud_android_sh\AndroidManifest.xml:21:22-65
uses-permission#android.permission.WAKE_LOCK
ADDED from Web\educloud_android_sh\AndroidManifest.xml:22:5-68
MERGED from [:DroidPlugin-release:] AndroidManifest.xml:96:5-68
	android:name
		ADDED from Web\educloud_android_sh\AndroidManifest.xml:22:22-65
uses-permission#android.permission.READ_CONTACTS
ADDED from Web\educloud_android_sh\AndroidManifest.xml:23:5-72
MERGED from [:DroidPlugin-release:] AndroidManifest.xml:68:5-72
	android:name
		ADDED from Web\educloud_android_sh\AndroidManifest.xml:23:22-69
uses-permission#android.permission.CALL_PHONE
ADDED from Web\educloud_android_sh\AndroidManifest.xml:24:5-69
MERGED from [:DroidPlugin-release:] AndroidManifest.xml:44:5-69
	android:name
		ADDED from Web\educloud_android_sh\AndroidManifest.xml:24:22-66
uses-permission#android.permission.MOUNT_UNMOUNT_FILESYSTEMS
ADDED from Web\educloud_android_sh\AndroidManifest.xml:25:5-84
MERGED from [:DroidPlugin-release:] AndroidManifest.xml:161:5-84
	android:name
		ADDED from Web\educloud_android_sh\AndroidManifest.xml:25:22-81
uses-permission#android.permission.ACCESS_COARSE_LOCATION
ADDED from Web\educloud_android_sh\AndroidManifest.xml:26:5-80
MERGED from [:DroidPlugin-release:] AndroidManifest.xml:33:5-81
	android:name
		ADDED from Web\educloud_android_sh\AndroidManifest.xml:26:22-78
uses-permission#android.permission.ACCESS_FINE_LOCATION
ADDED from Web\educloud_android_sh\AndroidManifest.xml:27:5-80
MERGED from [:DroidPlugin-release:] AndroidManifest.xml:34:5-79
	android:name
		ADDED from Web\educloud_android_sh\AndroidManifest.xml:27:23-77
uses-permission#android.permission.CHANGE_WIFI_STATE
ADDED from Web\educloud_android_sh\AndroidManifest.xml:28:5-77
MERGED from [:DroidPlugin-release:] AndroidManifest.xml:48:5-76
	android:name
		ADDED from Web\educloud_android_sh\AndroidManifest.xml:28:23-74
uses-permission#android.permission.RECEIVE_BOOT_COMPLETED
ADDED from Web\educloud_android_sh\AndroidManifest.xml:29:5-82
MERGED from [:DroidPlugin-release:] AndroidManifest.xml:78:5-81
	android:name
		ADDED from Web\educloud_android_sh\AndroidManifest.xml:29:23-79
uses-permission#android.permission.GET_ACCOUNTS
ADDED from Web\educloud_android_sh\AndroidManifest.xml:30:5-72
MERGED from [:DroidPlugin-release:] AndroidManifest.xml:55:5-71
	android:name
		ADDED from Web\educloud_android_sh\AndroidManifest.xml:30:23-69
uses-permission#android.permission.USE_CREDENTIALS
ADDED from Web\educloud_android_sh\AndroidManifest.xml:31:5-75
MERGED from [:DroidPlugin-release:] AndroidManifest.xml:93:5-74
	android:name
		ADDED from Web\educloud_android_sh\AndroidManifest.xml:31:22-71
uses-permission#android.permission.MANAGE_ACCOUNTS
ADDED from Web\educloud_android_sh\AndroidManifest.xml:32:5-75
MERGED from [:DroidPlugin-release:] AndroidManifest.xml:60:5-74
	android:name
		ADDED from Web\educloud_android_sh\AndroidManifest.xml:32:23-72
uses-permission#android.permission.AUTHENTICATE_ACCOUNTS
ADDED from Web\educloud_android_sh\AndroidManifest.xml:33:5-81
MERGED from [:DroidPlugin-release:] AndroidManifest.xml:39:5-80
	android:name
		ADDED from Web\educloud_android_sh\AndroidManifest.xml:33:23-78
uses-permission#com.android.launcher.permission.READ_SETTINGS
ADDED from Web\educloud_android_sh\AndroidManifest.xml:34:5-86
MERGED from [:DroidPlugin-release:] AndroidManifest.xml:168:5-85
	android:name
		ADDED from Web\educloud_android_sh\AndroidManifest.xml:34:22-82
uses-permission#android.permission.BROADCAST_STICKY
ADDED from Web\educloud_android_sh\AndroidManifest.xml:35:5-76
MERGED from [:DroidPlugin-release:] AndroidManifest.xml:43:5-75
	android:name
		ADDED from Web\educloud_android_sh\AndroidManifest.xml:35:23-73
uses-permission#android.permission.WRITE_SETTINGS
ADDED from Web\educloud_android_sh\AndroidManifest.xml:36:5-74
MERGED from [:DroidPlugin-release:] AndroidManifest.xml:102:5-73
	android:name
		ADDED from Web\educloud_android_sh\AndroidManifest.xml:36:23-71
uses-permission#android.permission.WIRTE_EXTERNAL_STORAGE
ADDED from Web\educloud_android_sh\AndroidManifest.xml:37:5-82
	android:name
		ADDED from Web\educloud_android_sh\AndroidManifest.xml:37:23-79
uses-permission#android.permission.SYSTEM_ALERT_WINDOW
ADDED from Web\educloud_android_sh\AndroidManifest.xml:38:5-79
MERGED from [:DroidPlugin-release:] AndroidManifest.xml:91:5-78
	android:name
		ADDED from Web\educloud_android_sh\AndroidManifest.xml:38:23-76
uses-feature#android.hardware.camera
ADDED from Web\educloud_android_sh\AndroidManifest.xml:40:5-60
MERGED from [:DroidPlugin-release:] AndroidManifest.xml:175:5-60
	android:name
		ADDED from Web\educloud_android_sh\AndroidManifest.xml:40:19-57
uses-feature#android.hardware.camera.autofocus
ADDED from Web\educloud_android_sh\AndroidManifest.xml:41:5-70
MERGED from [:DroidPlugin-release:] AndroidManifest.xml:176:5-178:36
	android:name
		ADDED from Web\educloud_android_sh\AndroidManifest.xml:41:19-67
application
ADDED from Web\educloud_android_sh\AndroidManifest.xml:43:5-744:19
MERGED from [:androidLib-release:] AndroidManifest.xml:11:5-14:19
MERGED from [:DroidPlugin-release:] AndroidManifest.xml:180:5-5038:19
	android:label
		ADDED from Web\educloud_android_sh\AndroidManifest.xml:47:9-41
	android:allowBackup
		ADDED from Web\educloud_android_sh\AndroidManifest.xml:45:9-35
	android:icon
		ADDED from Web\educloud_android_sh\AndroidManifest.xml:46:9-45
	android:theme
		ADDED from Web\educloud_android_sh\AndroidManifest.xml:48:9-41
	android:name
		ADDED from Web\educloud_android_sh\AndroidManifest.xml:44:9-67
service#com.baidu.location.f
ADDED from Web\educloud_android_sh\AndroidManifest.xml:50:9-104
	android:process
		ADDED from Web\educloud_android_sh\AndroidManifest.xml:50:77-102
	android:enabled
		ADDED from Web\educloud_android_sh\AndroidManifest.xml:50:54-76
	android:name
		ADDED from Web\educloud_android_sh\AndroidManifest.xml:50:18-53
meta-data#com.baidu.lbsapi.API_KEY
ADDED from Web\educloud_android_sh\AndroidManifest.xml:51:9-53:56
	android:name
		ADDED from Web\educloud_android_sh\AndroidManifest.xml:52:13-52
	android:value
		ADDED from Web\educloud_android_sh\AndroidManifest.xml:53:13-53
meta-data#UMENG_APPKEY
ADDED from Web\educloud_android_sh\AndroidManifest.xml:57:9-101
	android:name
		ADDED from Web\educloud_android_sh\AndroidManifest.xml:57:20-47
	android:value
		ADDED from Web\educloud_android_sh\AndroidManifest.xml:57:48-88
activity#com.linkage.mobile72.sh.activity.MainActivity
ADDED from Web\educloud_android_sh\AndroidManifest.xml:59:9-68:20
	android:screenOrientation
		ADDED from Web\educloud_android_sh\AndroidManifest.xml:62:13-49
	android:label
		ADDED from Web\educloud_android_sh\AndroidManifest.xml:61:13-45
	android:name
		ADDED from Web\educloud_android_sh\AndroidManifest.xml:60:13-50
intent-filter#android.intent.action.MAIN+android.intent.category.LAUNCHER
ADDED from Web\educloud_android_sh\AndroidManifest.xml:63:13-67:29
action#android.intent.action.MAIN
ADDED from Web\educloud_android_sh\AndroidManifest.xml:64:17-69
	android:name
		ADDED from Web\educloud_android_sh\AndroidManifest.xml:64:25-66
category#android.intent.category.LAUNCHER
ADDED from Web\educloud_android_sh\AndroidManifest.xml:66:17-77
	android:name
		ADDED from Web\educloud_android_sh\AndroidManifest.xml:66:27-74
activity#com.linkage.mobile72.sh.activity.UserGuideActivity
ADDED from Web\educloud_android_sh\AndroidManifest.xml:69:9-72:52
	android:screenOrientation
		ADDED from Web\educloud_android_sh\AndroidManifest.xml:72:13-49
	android:label
		ADDED from Web\educloud_android_sh\AndroidManifest.xml:71:13-45
	android:name
		ADDED from Web\educloud_android_sh\AndroidManifest.xml:70:13-78
activity#com.linkage.mobile72.sh.activity.LoginActivity
ADDED from Web\educloud_android_sh\AndroidManifest.xml:73:9-77:52
	android:screenOrientation
		ADDED from Web\educloud_android_sh\AndroidManifest.xml:77:13-49
	android:label
		ADDED from Web\educloud_android_sh\AndroidManifest.xml:75:13-45
	android:name
		ADDED from Web\educloud_android_sh\AndroidManifest.xml:74:13-74
	android:launchMode
		ADDED from Web\educloud_android_sh\AndroidManifest.xml:76:13-44
activity#com.linkage.mobile72.sh.activity.AlterPasswordActivity
ADDED from Web\educloud_android_sh\AndroidManifest.xml:82:9-85:52
	android:screenOrientation
		ADDED from Web\educloud_android_sh\AndroidManifest.xml:85:13-49
	android:label
		ADDED from Web\educloud_android_sh\AndroidManifest.xml:84:13-45
	android:name
		ADDED from Web\educloud_android_sh\AndroidManifest.xml:83:13-82
activity#com.linkage.mobile72.sh.activity.register.Validate_SmsActivity
ADDED from Web\educloud_android_sh\AndroidManifest.xml:86:9-89:52
	android:screenOrientation
		ADDED from Web\educloud_android_sh\AndroidManifest.xml:89:13-49
	android:label
		ADDED from Web\educloud_android_sh\AndroidManifest.xml:88:13-45
	android:name
		ADDED from Web\educloud_android_sh\AndroidManifest.xml:87:13-90
activity#com.linkage.mobile72.sh.activity.register.InputPasswordActivity
ADDED from Web\educloud_android_sh\AndroidManifest.xml:90:9-93:52
	android:screenOrientation
		ADDED from Web\educloud_android_sh\AndroidManifest.xml:93:13-49
	android:label
		ADDED from Web\educloud_android_sh\AndroidManifest.xml:92:13-45
	android:name
		ADDED from Web\educloud_android_sh\AndroidManifest.xml:91:13-91
activity#com.linkage.mobile72.sh.activity.register.Register_SendCodeActivity
ADDED from Web\educloud_android_sh\AndroidManifest.xml:94:9-97:52
	android:screenOrientation
		ADDED from Web\educloud_android_sh\AndroidManifest.xml:97:13-49
	android:label
		ADDED from Web\educloud_android_sh\AndroidManifest.xml:96:13-45
	android:name
		ADDED from Web\educloud_android_sh\AndroidManifest.xml:95:13-95
activity#com.linkage.mobile72.sh.activity.register.Register_FinishActivity
ADDED from Web\educloud_android_sh\AndroidManifest.xml:98:9-101:52
	android:screenOrientation
		ADDED from Web\educloud_android_sh\AndroidManifest.xml:101:13-49
	android:label
		ADDED from Web\educloud_android_sh\AndroidManifest.xml:100:13-45
	android:name
		ADDED from Web\educloud_android_sh\AndroidManifest.xml:99:13-93
activity#com.linkage.mobile72.sh.activity.register.Reset_SendCodeActivity
ADDED from Web\educloud_android_sh\AndroidManifest.xml:102:9-105:52
	android:screenOrientation
		ADDED from Web\educloud_android_sh\AndroidManifest.xml:105:13-49
	android:label
		ADDED from Web\educloud_android_sh\AndroidManifest.xml:104:13-45
	android:name
		ADDED from Web\educloud_android_sh\AndroidManifest.xml:103:13-92
activity#com.linkage.mobile72.sh.activity.NewFriendsActivity
ADDED from Web\educloud_android_sh\AndroidManifest.xml:106:9-109:52
	android:screenOrientation
		ADDED from Web\educloud_android_sh\AndroidManifest.xml:109:13-49
	android:label
		ADDED from Web\educloud_android_sh\AndroidManifest.xml:108:13-45
	android:name
		ADDED from Web\educloud_android_sh\AndroidManifest.xml:107:13-79
activity#com.linkage.mobile72.sh.activity.NewFriendsInGroupActivity
ADDED from Web\educloud_android_sh\AndroidManifest.xml:110:9-113:52
	android:screenOrientation
		ADDED from Web\educloud_android_sh\AndroidManifest.xml:113:13-49
	android:label
		ADDED from Web\educloud_android_sh\AndroidManifest.xml:112:13-45
	android:name
		ADDED from Web\educloud_android_sh\AndroidManifest.xml:111:13-86
activity#com.linkage.mobile72.sh.activity.ClazzInfoActivity
ADDED from Web\educloud_android_sh\AndroidManifest.xml:114:9-117:52
	android:screenOrientation
		ADDED from Web\educloud_android_sh\AndroidManifest.xml:117:13-49
	android:label
		ADDED from Web\educloud_android_sh\AndroidManifest.xml:116:13-45
	android:name
		ADDED from Web\educloud_android_sh\AndroidManifest.xml:115:13-78
activity#com.linkage.mobile72.sh.activity.JoinClazzActivity
ADDED from Web\educloud_android_sh\AndroidManifest.xml:118:9-121:52
	android:screenOrientation
		ADDED from Web\educloud_android_sh\AndroidManifest.xml:121:13-49
	android:label
		ADDED from Web\educloud_android_sh\AndroidManifest.xml:120:13-45
	android:name
		ADDED from Web\educloud_android_sh\AndroidManifest.xml:119:13-78
activity#com.linkage.mobile72.sh.activity.AccountPasswordActivity
ADDED from Web\educloud_android_sh\AndroidManifest.xml:122:9-125:52
	android:screenOrientation
		ADDED from Web\educloud_android_sh\AndroidManifest.xml:125:13-49
	android:label
		ADDED from Web\educloud_android_sh\AndroidManifest.xml:124:13-45
	android:name
		ADDED from Web\educloud_android_sh\AndroidManifest.xml:123:13-84
activity#com.linkage.mobile72.sh.activity.ClazzMemberActivity
ADDED from Web\educloud_android_sh\AndroidManifest.xml:126:9-129:52
	android:screenOrientation
		ADDED from Web\educloud_android_sh\AndroidManifest.xml:129:13-49
	android:label
		ADDED from Web\educloud_android_sh\AndroidManifest.xml:128:13-45
	android:name
		ADDED from Web\educloud_android_sh\AndroidManifest.xml:127:13-80
activity#com.linkage.mobile72.sh.activity.TodayTopicActivity
ADDED from Web\educloud_android_sh\AndroidManifest.xml:130:9-133:52
	android:screenOrientation
		ADDED from Web\educloud_android_sh\AndroidManifest.xml:133:13-49
	android:label
		ADDED from Web\educloud_android_sh\AndroidManifest.xml:132:13-45
	android:name
		ADDED from Web\educloud_android_sh\AndroidManifest.xml:131:13-79
activity#com.linkage.mobile72.sh.activity.ClazzMemberApplyActivity
ADDED from Web\educloud_android_sh\AndroidManifest.xml:134:9-137:52
	android:screenOrientation
		ADDED from Web\educloud_android_sh\AndroidManifest.xml:137:13-49
	android:label
		ADDED from Web\educloud_android_sh\AndroidManifest.xml:136:13-45
	android:name
		ADDED from Web\educloud_android_sh\AndroidManifest.xml:135:13-85
activity#com.linkage.mobile72.sh.activity.ClazzMyNickActivity
ADDED from Web\educloud_android_sh\AndroidManifest.xml:138:9-141:52
	android:screenOrientation
		ADDED from Web\educloud_android_sh\AndroidManifest.xml:141:13-49
	android:label
		ADDED from Web\educloud_android_sh\AndroidManifest.xml:140:13-45
	android:name
		ADDED from Web\educloud_android_sh\AndroidManifest.xml:139:13-80
activity#com.linkage.mobile72.sh.activity.ClazzAvatarActivity
ADDED from Web\educloud_android_sh\AndroidManifest.xml:142:9-145:52
	android:screenOrientation
		ADDED from Web\educloud_android_sh\AndroidManifest.xml:145:13-49
	android:label
		ADDED from Web\educloud_android_sh\AndroidManifest.xml:144:13-45
	android:name
		ADDED from Web\educloud_android_sh\AndroidManifest.xml:143:13-80
activity#com.linkage.mobile72.sh.activity.ClazzNameActivity
ADDED from Web\educloud_android_sh\AndroidManifest.xml:146:9-149:52
	android:screenOrientation
		ADDED from Web\educloud_android_sh\AndroidManifest.xml:149:13-49
	android:label
		ADDED from Web\educloud_android_sh\AndroidManifest.xml:148:13-45
	android:name
		ADDED from Web\educloud_android_sh\AndroidManifest.xml:147:13-78
activity#com.linkage.mobile72.sh.activity.InviteFriendActivity
ADDED from Web\educloud_android_sh\AndroidManifest.xml:150:9-153:52
	android:screenOrientation
		ADDED from Web\educloud_android_sh\AndroidManifest.xml:153:13-49
	android:label
		ADDED from Web\educloud_android_sh\AndroidManifest.xml:152:13-45
	android:name
		ADDED from Web\educloud_android_sh\AndroidManifest.xml:151:13-81
activity#com.linkage.mobile72.sh.activity.im.NewChatActivity
ADDED from Web\educloud_android_sh\AndroidManifest.xml:154:9-159:52
	android:screenOrientation
		ADDED from Web\educloud_android_sh\AndroidManifest.xml:159:13-49
	android:label
		ADDED from Web\educloud_android_sh\AndroidManifest.xml:157:13-45
	android:exported
		ADDED from Web\educloud_android_sh\AndroidManifest.xml:156:13-36
	android:name
		ADDED from Web\educloud_android_sh\AndroidManifest.xml:155:13-79
	android:launchMode
		ADDED from Web\educloud_android_sh\AndroidManifest.xml:158:13-43
activity#com.linkage.mobile72.sh.activity.im.ChatsActivity
ADDED from Web\educloud_android_sh\AndroidManifest.xml:160:9-164:52
	android:screenOrientation
		ADDED from Web\educloud_android_sh\AndroidManifest.xml:164:13-49
	android:label
		ADDED from Web\educloud_android_sh\AndroidManifest.xml:162:13-45
	android:name
		ADDED from Web\educloud_android_sh\AndroidManifest.xml:161:13-77
	android:launchMode
		ADDED from Web\educloud_android_sh\AndroidManifest.xml:163:13-44
activity#com.linkage.mobile72.sh.activity.BrowseImageActivity
ADDED from Web\educloud_android_sh\AndroidManifest.xml:165:9-168:52
	android:screenOrientation
		ADDED from Web\educloud_android_sh\AndroidManifest.xml:168:13-49
	android:label
		ADDED from Web\educloud_android_sh\AndroidManifest.xml:167:13-45
	android:name
		ADDED from Web\educloud_android_sh\AndroidManifest.xml:166:13-80
activity#com.linkage.mobile72.sh.activity.MyPaymentActivity
ADDED from Web\educloud_android_sh\AndroidManifest.xml:169:9-172:52
	android:screenOrientation
		ADDED from Web\educloud_android_sh\AndroidManifest.xml:172:13-49
	android:label
		ADDED from Web\educloud_android_sh\AndroidManifest.xml:171:13-45
	android:name
		ADDED from Web\educloud_android_sh\AndroidManifest.xml:170:13-78
activity#com.linkage.mobile72.sh.activity.ClazzPaymentActivity
ADDED from Web\educloud_android_sh\AndroidManifest.xml:173:9-176:52
	android:screenOrientation
		ADDED from Web\educloud_android_sh\AndroidManifest.xml:176:13-49
	android:label
		ADDED from Web\educloud_android_sh\AndroidManifest.xml:175:13-45
	android:name
		ADDED from Web\educloud_android_sh\AndroidManifest.xml:174:13-81
activity#com.linkage.mobile72.sh.activity.PaymentTypeActivity
ADDED from Web\educloud_android_sh\AndroidManifest.xml:177:9-180:52
	android:screenOrientation
		ADDED from Web\educloud_android_sh\AndroidManifest.xml:180:13-49
	android:label
		ADDED from Web\educloud_android_sh\AndroidManifest.xml:179:13-45
	android:name
		ADDED from Web\educloud_android_sh\AndroidManifest.xml:178:13-80
activity#com.linkage.mobile72.sh.activity.PaymentDetailActivity
ADDED from Web\educloud_android_sh\AndroidManifest.xml:181:9-184:52
	android:screenOrientation
		ADDED from Web\educloud_android_sh\AndroidManifest.xml:184:13-49
	android:label
		ADDED from Web\educloud_android_sh\AndroidManifest.xml:183:13-45
	android:name
		ADDED from Web\educloud_android_sh\AndroidManifest.xml:182:13-82
activity#com.linkage.mobile72.sh.activity.SearchGroupActivity
ADDED from Web\educloud_android_sh\AndroidManifest.xml:185:9-188:52
	android:screenOrientation
		ADDED from Web\educloud_android_sh\AndroidManifest.xml:188:13-49
	android:label
		ADDED from Web\educloud_android_sh\AndroidManifest.xml:187:13-45
	android:name
		ADDED from Web\educloud_android_sh\AndroidManifest.xml:186:13-80
activity#com.linkage.mobile72.sh.activity.SearchGroupResultActivity
ADDED from Web\educloud_android_sh\AndroidManifest.xml:189:9-192:52
	android:screenOrientation
		ADDED from Web\educloud_android_sh\AndroidManifest.xml:192:13-49
	android:label
		ADDED from Web\educloud_android_sh\AndroidManifest.xml:191:13-45
	android:name
		ADDED from Web\educloud_android_sh\AndroidManifest.xml:190:13-86
activity#com.linkage.mobile72.sh.activity.SearchPersonActivity
ADDED from Web\educloud_android_sh\AndroidManifest.xml:193:9-196:52
	android:screenOrientation
		ADDED from Web\educloud_android_sh\AndroidManifest.xml:196:13-49
	android:label
		ADDED from Web\educloud_android_sh\AndroidManifest.xml:195:13-45
	android:name
		ADDED from Web\educloud_android_sh\AndroidManifest.xml:194:13-81
activity#com.linkage.mobile72.sh.activity.SearchPersonResultActivity
ADDED from Web\educloud_android_sh\AndroidManifest.xml:197:9-200:52
	android:screenOrientation
		ADDED from Web\educloud_android_sh\AndroidManifest.xml:200:13-49
	android:label
		ADDED from Web\educloud_android_sh\AndroidManifest.xml:199:13-45
	android:name
		ADDED from Web\educloud_android_sh\AndroidManifest.xml:198:13-87
activity#com.linkage.mobile72.sh.activity.LocalSearchResultActivity
ADDED from Web\educloud_android_sh\AndroidManifest.xml:201:9-204:52
	android:screenOrientation
		ADDED from Web\educloud_android_sh\AndroidManifest.xml:204:13-49
	android:label
		ADDED from Web\educloud_android_sh\AndroidManifest.xml:203:13-45
	android:name
		ADDED from Web\educloud_android_sh\AndroidManifest.xml:202:13-86
activity#com.linkage.mobile72.sh.activity.CreateGroupActivity
ADDED from Web\educloud_android_sh\AndroidManifest.xml:205:9-208:52
	android:screenOrientation
		ADDED from Web\educloud_android_sh\AndroidManifest.xml:208:13-49
	android:label
		ADDED from Web\educloud_android_sh\AndroidManifest.xml:207:13-45
	android:name
		ADDED from Web\educloud_android_sh\AndroidManifest.xml:206:13-80
activity#com.linkage.mobile72.sh.activity.SelectSchoolActivity
ADDED from Web\educloud_android_sh\AndroidManifest.xml:209:9-212:52
	android:screenOrientation
		ADDED from Web\educloud_android_sh\AndroidManifest.xml:212:13-49
	android:label
		ADDED from Web\educloud_android_sh\AndroidManifest.xml:211:13-45
	android:name
		ADDED from Web\educloud_android_sh\AndroidManifest.xml:210:13-81
activity#com.linkage.mobile72.sh.activity.ClazzManageActivity
ADDED from Web\educloud_android_sh\AndroidManifest.xml:213:9-216:52
	android:screenOrientation
		ADDED from Web\educloud_android_sh\AndroidManifest.xml:216:13-49
	android:label
		ADDED from Web\educloud_android_sh\AndroidManifest.xml:215:13-45
	android:name
		ADDED from Web\educloud_android_sh\AndroidManifest.xml:214:13-80
activity#com.linkage.mobile72.sh.activity.ClazzMyNickEditActivity
ADDED from Web\educloud_android_sh\AndroidManifest.xml:217:9-220:52
	android:screenOrientation
		ADDED from Web\educloud_android_sh\AndroidManifest.xml:220:13-49
	android:label
		ADDED from Web\educloud_android_sh\AndroidManifest.xml:219:13-45
	android:name
		ADDED from Web\educloud_android_sh\AndroidManifest.xml:218:13-84
activity#com.linkage.mobile72.sh.activity.PersonalInfoActivity
ADDED from Web\educloud_android_sh\AndroidManifest.xml:221:9-224:52
	android:screenOrientation
		ADDED from Web\educloud_android_sh\AndroidManifest.xml:224:13-49
	android:label
		ADDED from Web\educloud_android_sh\AndroidManifest.xml:223:13-45
	android:name
		ADDED from Web\educloud_android_sh\AndroidManifest.xml:222:13-81
activity#com.linkage.mobile72.sh.activity.PersonalInfoEditActivity
ADDED from Web\educloud_android_sh\AndroidManifest.xml:225:9-228:52
	android:screenOrientation
		ADDED from Web\educloud_android_sh\AndroidManifest.xml:228:13-49
	android:label
		ADDED from Web\educloud_android_sh\AndroidManifest.xml:227:13-45
	android:name
		ADDED from Web\educloud_android_sh\AndroidManifest.xml:226:13-85
activity#com.linkage.mobile72.sh.activity.SetActivity
ADDED from Web\educloud_android_sh\AndroidManifest.xml:229:9-232:52
	android:screenOrientation
		ADDED from Web\educloud_android_sh\AndroidManifest.xml:232:13-49
	android:label
		ADDED from Web\educloud_android_sh\AndroidManifest.xml:231:13-45
	android:name
		ADDED from Web\educloud_android_sh\AndroidManifest.xml:230:13-72
activity#com.linkage.mobile72.sh.activity.ApplyToTeacherActivity
ADDED from Web\educloud_android_sh\AndroidManifest.xml:233:9-236:52
	android:screenOrientation
		ADDED from Web\educloud_android_sh\AndroidManifest.xml:236:13-49
	android:label
		ADDED from Web\educloud_android_sh\AndroidManifest.xml:235:13-45
	android:name
		ADDED from Web\educloud_android_sh\AndroidManifest.xml:234:13-83
activity#com.linkage.mobile72.sh.activity.OpinionActivity
ADDED from Web\educloud_android_sh\AndroidManifest.xml:237:9-240:52
	android:screenOrientation
		ADDED from Web\educloud_android_sh\AndroidManifest.xml:240:13-49
	android:label
		ADDED from Web\educloud_android_sh\AndroidManifest.xml:239:13-45
	android:name
		ADDED from Web\educloud_android_sh\AndroidManifest.xml:238:13-76
activity#com.linkage.mobile72.sh.activity.SchoolTypeActivity
ADDED from Web\educloud_android_sh\AndroidManifest.xml:241:9-244:52
	android:screenOrientation
		ADDED from Web\educloud_android_sh\AndroidManifest.xml:244:13-49
	android:label
		ADDED from Web\educloud_android_sh\AndroidManifest.xml:243:13-45
	android:name
		ADDED from Web\educloud_android_sh\AndroidManifest.xml:242:13-79
activity#com.linkage.mobile72.sh.activity.GradeChooseActivity
ADDED from Web\educloud_android_sh\AndroidManifest.xml:245:9-248:52
	android:screenOrientation
		ADDED from Web\educloud_android_sh\AndroidManifest.xml:248:13-49
	android:label
		ADDED from Web\educloud_android_sh\AndroidManifest.xml:247:13-45
	android:name
		ADDED from Web\educloud_android_sh\AndroidManifest.xml:246:13-80
activity#com.linkage.mobile72.sh.activity.AboutUsActivity
ADDED from Web\educloud_android_sh\AndroidManifest.xml:249:9-252:52
	android:screenOrientation
		ADDED from Web\educloud_android_sh\AndroidManifest.xml:252:13-49
	android:label
		ADDED from Web\educloud_android_sh\AndroidManifest.xml:251:13-45
	android:name
		ADDED from Web\educloud_android_sh\AndroidManifest.xml:250:13-76
activity#com.linkage.mobile72.sh.activity.LocalAddressActivity
ADDED from Web\educloud_android_sh\AndroidManifest.xml:253:9-256:52
	android:screenOrientation
		ADDED from Web\educloud_android_sh\AndroidManifest.xml:256:13-49
	android:label
		ADDED from Web\educloud_android_sh\AndroidManifest.xml:255:13-45
	android:name
		ADDED from Web\educloud_android_sh\AndroidManifest.xml:254:13-81
activity#com.linkage.mobile72.sh.activity.SchoolContactActivity
ADDED from Web\educloud_android_sh\AndroidManifest.xml:257:9-260:52
	android:screenOrientation
		ADDED from Web\educloud_android_sh\AndroidManifest.xml:260:13-49
	android:label
		ADDED from Web\educloud_android_sh\AndroidManifest.xml:259:13-45
	android:name
		ADDED from Web\educloud_android_sh\AndroidManifest.xml:258:13-82
activity#com.linkage.mobile72.sh.activity.ClassContactActivity
ADDED from Web\educloud_android_sh\AndroidManifest.xml:261:9-264:52
	android:screenOrientation
		ADDED from Web\educloud_android_sh\AndroidManifest.xml:264:13-49
	android:label
		ADDED from Web\educloud_android_sh\AndroidManifest.xml:263:13-45
	android:name
		ADDED from Web\educloud_android_sh\AndroidManifest.xml:262:13-81
activity#com.linkage.mobile72.sh.activity.QrCaptureActivity
ADDED from Web\educloud_android_sh\AndroidManifest.xml:265:9-268:52
	android:screenOrientation
		ADDED from Web\educloud_android_sh\AndroidManifest.xml:268:13-49
	android:label
		ADDED from Web\educloud_android_sh\AndroidManifest.xml:267:13-45
	android:name
		ADDED from Web\educloud_android_sh\AndroidManifest.xml:266:13-78